[1/35] Weihua An (S2 ID: 39412718)...
    429 rate limited, waiting 10s...
    429 rate limited, waiting 20s...
    429 rate limited, waiting 30s...
    429 rate limited, waiting 40s...
    429 rate limited, waiting 50s...
    429 rate limited, waiting 60s...
    429 rate limited, waiting 70s...
    429 rate limited, waiting 80s...
  Could not fetch author profile
[2/35] Abhishek Ananth (S2 ID: 2354256760)...
    429 rate limited, waiting 10s...
    429 rate limited, waiting 20s...
    429 rate limited, waiting 30s...
    429 rate limited, waiting 40s...
  Abhishek Ananth: 1 papers, 0 citations, h=0
    Fetching papers 0-100...
  Collected 1 papers, 0 total references
[3/35] Michal Arbilly (S2 ID: 6541258)...
  M. Arbilly: 15 papers, 279 citations, h=10
    Fetching papers 0-100...
  Collected 15 papers, 112 total references
[4/35] Gordon Berman (S2 ID: 2492730)...
    429 rate limited, waiting 10s...
    429 rate limited, waiting 20s...
  Gordon J. Berman: 72 papers, 2579 citations, h=19
    Fetching papers 0-100...
  Collected 72 papers, 1293 total references
[5/35] Clifford Carrubba (S2 ID: 103026528)...
  Clifford J. Carrubba: 51 papers, 2864 citations, h=25
    Fetching papers 0-100...
  Collected 51 papers, 92 total references
[6/35] Jinho Choi (S2 ID: 4724587)...
    429 rate limited, waiting 10s...
  Jinho D. Choi: 125 papers, 3547 citations, h=33
    Fetching papers 0-100...
    Fetching papers 100-200...
  Collected 125 papers, 2524 total references
[7/35] Hun Chung (S2 ID: 87451532)...
    429 rate limited, waiting 10s...
    429 rate limited, waiting 20s...
    429 rate limited, waiting 30s...
    429 rate limited, waiting 40s...
    429 rate limited, waiting 50s...
    429 rate limited, waiting 60s...
    429 rate limited, waiting 70s...
    429 rate limited, waiting 80s...
  Could not fetch author profile
[8/35] Jacopo Di Iorio (S2 ID: 2125384142)...
  Jacopo Di Iorio: 2 papers, 43 citations, h=2
    Fetching papers 0-100...
  Collected 2 papers, 103 total references
[9/35] Danilo Freire (S2 ID: 144015790)...
  D. Freire: 23 papers, 119 citations, h=5
    Fetching papers 0-100...
  Collected 23 papers, 437 total references
[10/35] Adam Glynn (S2 ID: 40591051)...
    429 rate limited, waiting 10s...
    429 rate limited, waiting 20s...
    429 rate limited, waiting 30s...
    429 rate limited, waiting 40s...
    429 rate limited, waiting 50s...
    429 rate limited, waiting 60s...
  Adam Glynn: 60 papers, 3041 citations, h=24
    Fetching papers 0-100...
  Collected 60 papers, 133 total references
[11/35] Zhiyun Gong (S2 ID: 36011651)...
    429 rate limited, waiting 10s...
    429 rate limited, waiting 20s...
  Z. Gong: 69 papers, 2056 citations, h=23
    Fetching papers 0-100...
  Collected 68 papers, 989 total references
[12/35] Jo Guldi (S2 ID: 9316785)...
    429 rate limited, waiting 10s...
    429 rate limited, waiting 20s...
    429 rate limited, waiting 30s...
  Jo Guldi: 51 papers, 327 citations, h=9
    Fetching papers 0-100...
  Collected 51 papers, 181 total references
[13/35] Craig Hadley (S2 ID: 49650072)...
  C. Hadley: 137 papers, 6050 citations, h=46
    Fetching papers 0-100...
    Fetching papers 100-200...
  Collected 137 papers, 827 total references
[14/35] David Hirshberg (S2 ID: 2466171)...
  David A. Hirshberg: 21 papers, 2359 citations, h=14
    Fetching papers 0-100...
  Collected 21 papers, 461 total references
[15/35] Ho Jin Kim (S2 ID: 46695922)...
  Hojin I. Kim: 7 papers, 88 citations, h=4
    Fetching papers 0-100...
  Collected 7 papers, 22 total references
[16/35] Lauren Klein (S2 ID: 2403214576)...
  Lauren F. Klein: 1 papers, 37 citations, h=1
    Fetching papers 0-100...
  Collected 1 papers, 0 total references
[17/35] Kevin McAlister (S2 ID: 46187839)...
    429 rate limited, waiting 10s...
  Kevin McAlister: 7 papers, 29 citations, h=4
    Fetching papers 0-100...
  Collected 7 papers, 0 total references
[18/35] Pablo Montagnes (S2 ID: 118033860)...
    429 rate limited, waiting 10s...
    429 rate limited, waiting 20s...
  B. Montagnes: 27 papers, 238 citations, h=8
    Fetching papers 0-100...
  Collected 27 papers, 19 total references
[19/35] John W. Patty (S2 ID: 32616604)...
    429 rate limited, waiting 10s...
  J. W. Patty: 51 papers, 1492 citations, h=19
    Fetching papers 0-100...
  Collected 51 papers, 0 total references
[20/35] Maggie Penn (S2 ID: 2503531)...
    429 rate limited, waiting 10s...
    429 rate limited, waiting 20s...
    429 rate limited, waiting 30s...
  E. M. Penn: 76 papers, 644 citations, h=14
    Fetching papers 0-100...
  Collected 76 papers, 160 total references
[21/35] Zachary Peskowitz (S2 ID: 113919749)...
    429 rate limited, waiting 10s...
    429 rate limited, waiting 20s...
    429 rate limited, waiting 30s...
    429 rate limited, waiting 40s...
    429 rate limited, waiting 50s...
    429 rate limited, waiting 60s...
    429 rate limited, waiting 70s...
  Zachary Peskowitz: 30 papers, 615 citations, h=12
    Fetching papers 0-100...
  Collected 30 papers, 0 total references
[22/35] Kevin Quinn (S2 ID: 144994998)...
  K. Quinn: 91 papers, 6193 citations, h=30
    Fetching papers 0-100...
  Collected 91 papers, 345 total references
[23/35] Alejandro Sanchez Becerra (S2 ID: 2051323257)...
    429 rate limited, waiting 10s...
  Alejandro Sánchez-Becerra: 7 papers, 8 citations, h=2
    Fetching papers 0-100...
  Collected 7 papers, 84 total references
[24/35] Sandeep Soni (S2 ID: 49768826)...
    429 rate limited, waiting 10s...
    429 rate limited, waiting 20s...
    429 rate limited, waiting 30s...
  Sandeep Soni: 17 papers, 799 citations, h=11
    Fetching papers 0-100...
  Collected 17 papers, 453 total references
[25/35] Allison Stashko (S2 ID: 8453497)...
    429 rate limited, waiting 10s...
  Allison Stashko: 5 papers, 85 citations, h=3
    Fetching papers 0-100...
  Collected 5 papers, 0 total references
[26/35] Alexander Tolbert (S2 ID: 2284516135)...
    429 rate limited, waiting 10s...
  A. Tolbert: 5 papers, 12 citations, h=2
    Fetching papers 0-100...
  Collected 5 papers, 22 total references
[27/35] Ruoxuan Xiong (S2 ID: 50824401)...
    429 rate limited, waiting 10s...
  Ruoxuan Xiong: 47 papers, 996 citations, h=15
    Fetching papers 0-100...
  Collected 47 papers, 1421 total references
[28/35] Zachary Binney (S2 ID: 12115379)...
    429 rate limited, waiting 10s...
    429 rate limited, waiting 20s...
  Z. Binney: 43 papers, 754 citations, h=12
    Fetching papers 0-100...
  Collected 43 papers, 123 total references
[29/35] Nathan Hoffmann (S2 ID: 2061194652)...
    429 rate limited, waiting 10s...
    429 rate limited, waiting 20s...
    429 rate limited, waiting 30s...
    429 rate limited, waiting 40s...
  Nathan I. Hoffmann: 12 papers, 41 citations, h=4
    Fetching papers 0-100...
  Collected 12 papers, 83 total references
[30/35] Luis Martinez (S2 ID: 49275958)...
    429 rate limited, waiting 10s...
    429 rate limited, waiting 20s...
    429 rate limited, waiting 30s...
  L. Mart́ınez: 23 papers, 533 citations, h=9
    Fetching papers 0-100...
  Collected 23 papers, 23 total references
[31/35] Heeju Sohn (S2 ID: 8171483)...
    429 rate limited, waiting 10s...
  Heeju Sohn: 31 papers, 479 citations, h=9
    Fetching papers 0-100...
  Collected 31 papers, 448 total references
[32/35] Gregory Palermo (S2 ID: 153264950)...
    429 rate limited, waiting 10s...
    429 rate limited, waiting 20s...
  Gregory J. Palermo: 2 papers, 0 citations, h=0
    Fetching papers 0-100...
  Collected 2 papers, 0 total references
[33/35] Dan Sinykin (S2 ID: 117882164)...
  Dan Sinykin: 21 papers, 75 citations, h=5
    Fetching papers 0-100...
  Collected 21 papers, 11 total references
[34/35] Benjamin J. Miller (S2 ID: 145113184)...
    429 rate limited, waiting 10s...
    429 rate limited, waiting 20s...
    429 rate limited, waiting 30s...
    429 rate limited, waiting 40s...
    429 rate limited, waiting 50s...
    429 rate limited, waiting 60s...
  Benjamin M. Miller: 36 papers, 293 citations, h=10
    Fetching papers 0-100...
  Collected 36 papers, 0 total references
[35/35] Megan Reed (S2 ID: 153019067)...
    429 rate limited, waiting 10s...
  M. Reed: 15 papers, 68 citations, h=4
    Fetching papers 0-100...
  Collected 15 papers, 119 total references

Done. 35 faculty processed.
Saved to data/s2_faculty.json
  Weihua An: 0 papers
  Abhishek Ananth: 1 papers
  Michal Arbilly: 15 papers
  Gordon Berman: 72 papers
  Clifford Carrubba: 51 papers
  Jinho Choi: 125 papers
  Hun Chung: 0 papers
  Jacopo Di Iorio: 2 papers
  Danilo Freire: 23 papers
  Adam Glynn: 60 papers
  Zhiyun Gong: 68 papers
  Jo Guldi: 51 papers
  Craig Hadley: 137 papers
  David Hirshberg: 21 papers
  Ho Jin Kim: 7 papers
  Lauren Klein: 1 papers
  Kevin McAlister: 7 papers
  Pablo Montagnes: 27 papers
  John W. Patty: 51 papers
  Maggie Penn: 76 papers
  Zachary Peskowitz: 30 papers
  Kevin Quinn: 91 papers
  Alejandro Sanchez Becerra: 7 papers
  Sandeep Soni: 17 papers
  Allison Stashko: 5 papers
  Alexander Tolbert: 5 papers
  Ruoxuan Xiong: 47 papers
  Zachary Binney: 43 papers
  Nathan Hoffmann: 12 papers
  Luis Martinez: 23 papers
  Heeju Sohn: 31 papers
  Gregory Palermo: 2 papers
  Dan Sinykin: 21 papers
  Benjamin J. Miller: 36 papers
  Megan Reed: 15 papers
